<?xml version="1.0" encoding="UTF-8"?>
<testsuite name="com.example.paymentvalidation.service.PaymentValidationServiceTest" tests="2" skipped="0" failures="0" errors="0" timestamp="2026-06-22T17:43:36.332Z" hostname="Srinis-MacBook-Pro.local" time="0.013">
  <properties/>
  <testcase name="shouldRejectPaymentWhenAccountIsInvalid()" classname="com.example.paymentvalidation.service.PaymentValidationServiceTest" time="0.012"/>
  <testcase name="shouldApprovePaymentWhenAccountIsValid()" classname="com.example.paymentvalidation.service.PaymentValidationServiceTest" time="0.0"/>
  <system-out><![CDATA[]]></system-out>
  <system-err><![CDATA[]]></system-err>
</testsuite>
